<?xml version="1.0" encoding="UTF-8"?>
<!-- Generated by org.testng.reporters.JUnitReportReporter -->
<testsuite hostname="NAG1-LHP-N76182" failures="0" tests="1" name="com.Automation.Test.LoginTest" time="17.042" errors="0" timestamp="2022-08-22T16:42:04 IST" skipped="0">
  <testcase classname="com.Automation.Test.LoginTest" name="VerifysuccessfulLogin" time="17.042"/>
  <system-out/>
</testsuite> <!-- com.Automation.Test.LoginTest -->
