<?xml version="1.0" encoding="UTF-8"?>
<!-- Generated by org.testng.reporters.JUnitReportReporter -->
<testsuite hostname="NAG1-LHP-N76182" failures="0" tests="1" name="com.Automation.Pages.LoginPage" time="7.612" errors="0" timestamp="2022-08-16T16:12:07 IST" skipped="0">
  <testcase classname="com.Automation.Pages.LoginPage" name="VerifysuccessfulLogin" time="7.612"/>
  <system-out/>
</testsuite> <!-- com.Automation.Pages.LoginPage -->
